module/ble-scan/android/build/intermediates/manifest_merge_blame_file/release/processReleaseManifest/manifest-merger-blame-release-report.txt
1<?xml version="1.0" encoding="utf-8"?>
2<manifest xmlns:android="http://schemas.android.com/apk/res/android"
3    package="com.blescan" >
4
5    <uses-sdk android:minSdkVersion="24" />
6    <!-- Request legacy Bluetooth permissions on older devices. -->
7    <uses-permission
7-->src/main/AndroidManifestNew.xml:3:5-4:54
8        android:name="android.permission.BLUETOOTH"
8-->src/main/AndroidManifestNew.xml:3:22-65
9        android:maxSdkVersion="30" />
9-->src/main/AndroidManifestNew.xml:4:25-51
10    <uses-permission
10-->src/main/AndroidManifestNew.xml:5:5-6:54
11        android:name="android.permission.BLUETOOTH_ADMIN"
11-->src/main/AndroidManifestNew.xml:5:22-71
12        android:maxSdkVersion="30" />
12-->src/main/AndroidManifestNew.xml:6:25-51
13
14    <!--
15         Needed only if your app looks for Bluetooth devices.
16            If your app doesn't use Bluetooth scan results to derive physical
17            location information, you can
18            <a href="#assert-never-for-location">strongly assert that your app
19            doesn't derive physical location</a>.
20    -->
21    <uses-permission android:name="android.permission.BLUETOOTH_SCAN" />
21-->src/main/AndroidManifestNew.xml:13:5-73
21-->src/main/AndroidManifestNew.xml:13:22-70
22
23    <!--
24         Needed only if your app makes the device discoverable to Bluetooth
25            devices.
26    -->
27    <uses-permission android:name="android.permission.BLUETOOTH_ADVERTISE" />
27-->src/main/AndroidManifestNew.xml:17:5-78
27-->src/main/AndroidManifestNew.xml:17:22-75
28
29    <!--
30         Needed only if your app communicates with already-paired Bluetooth
31            devices.
32    -->
33    <uses-permission android:name="android.permission.BLUETOOTH_CONNECT" />
33-->src/main/AndroidManifestNew.xml:21:5-76
33-->src/main/AndroidManifestNew.xml:21:22-73
34
35    <!--
36         Needed only if your app uses Bluetooth scan results to derive
37            physical location.
38    -->
39    <uses-permission android:name="android.permission.ACCESS_FINE_LOCATION" />
39-->src/main/AndroidManifestNew.xml:25:5-79
39-->src/main/AndroidManifestNew.xml:25:22-76
40
41</manifest>